Connecting to database specified by database.yml
Migrating to DeviseCreateUsers (20121023080302)
Migrating to AddNameToUsers (20121023080305)
Migrating to RolifyCreateRoles (20121023080335)
Migrating to CreateMoods (20121025141938)
Migrating to CreateSubMoods (20121026151802)
Migrating to CreateReasons (20121026173948)
Migrating to CreateEvents (20121026174004)
Migrating to AddConfirmableToUsers (20121027143807)
Migrating to AddColumnsToUsers (20121031112956)
Connecting to database specified by database.yml


Started GET "/" for 127.0.0.1 at 2012-11-01 21:20:32 +0530
Processing by HomeController#index as HTML
Completed 401 Unauthorized in 0ms


Started GET "/users/sign_in" for 127.0.0.1 at 2012-11-01 21:20:32 +0530
Processing by Devise::SessionsController#new as HTML
  Rendered devise/shared/_links.html.erb (2.2ms)
  Rendered devise/sessions/new.html.erb within layouts/application (318.2ms)
Completed 500 Internal Server Error in 549ms

ActionView::Template::Error (application.css isn't precompiled):
    5:     <meta name="viewport" content="width=device-width, initial-scale=1.0">
    6:     <title><%= content_for?(:title) ? yield(:title) : "MoodyOn.com" %></title>
    7:     <meta name="description" content="<%= content_for?(:description) ? yield(:description) : "MoodyOn.com" %>">
    8:     <%= stylesheet_link_tag "application", :media => "all" %>
    9:     <%= javascript_include_tag "application" %>
    10:     <%= csrf_meta_tags %>
    11:     <%= yield(:head) %>
  app/views/layouts/application.html.erb:8:in `_app_views_layouts_application_html_erb___312313374_93107530'




Started GET "/favicon.ico" for 127.0.0.1 at 2012-11-01 21:20:33 +0530

ActionController::RoutingError (No route matches [GET] "/favicon.ico"):
  actionpack (3.2.8) lib/action_dispatch/middleware/debug_exceptions.rb:21:in `call'
  actionpack (3.2.8) lib/action_dispatch/middleware/show_exceptions.rb:56:in `call'
  railties (3.2.8) lib/rails/rack/logger.rb:26:in `call_app'
  railties (3.2.8) lib/rails/rack/logger.rb:16:in `call'
  actionpack (3.2.8) lib/action_dispatch/middleware/request_id.rb:22:in `call'
  rack (1.4.1) lib/rack/methodoverride.rb:21:in `call'
  rack (1.4.1) lib/rack/runtime.rb:17:in `call'
  activesupport (3.2.8) lib/active_support/cache/strategy/local_cache.rb:72:in `call'
  rack (1.4.1) lib/rack/lock.rb:15:in `call'
  rack-cache (1.2) lib/rack/cache/context.rb:136:in `forward'
  rack-cache (1.2) lib/rack/cache/context.rb:245:in `fetch'
  rack-cache (1.2) lib/rack/cache/context.rb:185:in `lookup'
  rack-cache (1.2) lib/rack/cache/context.rb:66:in `call!'
  rack-cache (1.2) lib/rack/cache/context.rb:51:in `call'
  railties (3.2.8) lib/rails/engine.rb:479:in `call'
  railties (3.2.8) lib/rails/application.rb:223:in `call'
  rack (1.4.1) lib/rack/content_length.rb:14:in `call'
  railties (3.2.8) lib/rails/rack/log_tailer.rb:17:in `call'
  rack (1.4.1) lib/rack/handler/webrick.rb:59:in `service'
  /home/bpis/.rvm/rubies/ruby-1.9.3-head/lib/ruby/1.9.1/webrick/httpserver.rb:138:in `service'
  /home/bpis/.rvm/rubies/ruby-1.9.3-head/lib/ruby/1.9.1/webrick/httpserver.rb:94:in `run'
  /home/bpis/.rvm/rubies/ruby-1.9.3-head/lib/ruby/1.9.1/webrick/server.rb:191:in `block in start_thread'




Started GET "/favicon.ico" for 127.0.0.1 at 2012-11-01 21:20:33 +0530

ActionController::RoutingError (No route matches [GET] "/favicon.ico"):
  actionpack (3.2.8) lib/action_dispatch/middleware/debug_exceptions.rb:21:in `call'
  actionpack (3.2.8) lib/action_dispatch/middleware/show_exceptions.rb:56:in `call'
  railties (3.2.8) lib/rails/rack/logger.rb:26:in `call_app'
  railties (3.2.8) lib/rails/rack/logger.rb:16:in `call'
  actionpack (3.2.8) lib/action_dispatch/middleware/request_id.rb:22:in `call'
  rack (1.4.1) lib/rack/methodoverride.rb:21:in `call'
  rack (1.4.1) lib/rack/runtime.rb:17:in `call'
  activesupport (3.2.8) lib/active_support/cache/strategy/local_cache.rb:72:in `call'
  rack (1.4.1) lib/rack/lock.rb:15:in `call'
  rack-cache (1.2) lib/rack/cache/context.rb:136:in `forward'
  rack-cache (1.2) lib/rack/cache/context.rb:245:in `fetch'
  rack-cache (1.2) lib/rack/cache/context.rb:185:in `lookup'
  rack-cache (1.2) lib/rack/cache/context.rb:66:in `call!'
  rack-cache (1.2) lib/rack/cache/context.rb:51:in `call'
  railties (3.2.8) lib/rails/engine.rb:479:in `call'
  railties (3.2.8) lib/rails/application.rb:223:in `call'
  rack (1.4.1) lib/rack/content_length.rb:14:in `call'
  railties (3.2.8) lib/rails/rack/log_tailer.rb:17:in `call'
  rack (1.4.1) lib/rack/handler/webrick.rb:59:in `service'
  /home/bpis/.rvm/rubies/ruby-1.9.3-head/lib/ruby/1.9.1/webrick/httpserver.rb:138:in `service'
  /home/bpis/.rvm/rubies/ruby-1.9.3-head/lib/ruby/1.9.1/webrick/httpserver.rb:94:in `run'
  /home/bpis/.rvm/rubies/ruby-1.9.3-head/lib/ruby/1.9.1/webrick/server.rb:191:in `block in start_thread'


Connecting to database specified by database.yml


Started GET "/users/sign_in" for 127.0.0.1 at 2012-11-01 21:22:21 +0530
Processing by Devise::SessionsController#new as HTML
  Rendered devise/shared/_links.html.erb (2.2ms)
  Rendered devise/sessions/new.html.erb within layouts/application (326.2ms)
Compiled bootstrap_and_overrides.css  (916ms)  (pid 10298)
Compiled events.css  (1ms)  (pid 10298)
Compiled home.css  (1ms)  (pid 10298)
Compiled moods.css  (1ms)  (pid 10298)
Compiled reasons.css  (1ms)  (pid 10298)
Compiled scaffolds.css  (1ms)  (pid 10298)
Compiled sub_moods.css  (41ms)  (pid 10298)
Compiled application.css  (1427ms)  (pid 10298)
Compiled jquery.js  (5ms)  (pid 10298)
Compiled jquery_ujs.js  (0ms)  (pid 10298)
Compiled twitter/bootstrap/bootstrap-transition.js  (0ms)  (pid 10298)
Compiled twitter/bootstrap/bootstrap-alert.js  (0ms)  (pid 10298)
Compiled twitter/bootstrap/bootstrap-modal.js  (0ms)  (pid 10298)
Compiled twitter/bootstrap/bootstrap-dropdown.js  (0ms)  (pid 10298)
Compiled twitter/bootstrap/bootstrap-scrollspy.js  (0ms)  (pid 10298)
Compiled twitter/bootstrap/bootstrap-tab.js  (0ms)  (pid 10298)
Compiled twitter/bootstrap/bootstrap-tooltip.js  (0ms)  (pid 10298)
Compiled twitter/bootstrap/bootstrap-popover.js  (0ms)  (pid 10298)
Compiled twitter/bootstrap/bootstrap-button.js  (0ms)  (pid 10298)
Compiled twitter/bootstrap/bootstrap-collapse.js  (0ms)  (pid 10298)
Compiled twitter/bootstrap/bootstrap-carousel.js  (0ms)  (pid 10298)
Compiled twitter/bootstrap/bootstrap-typeahead.js  (0ms)  (pid 10298)
Compiled twitter/bootstrap/bootstrap-affix.js  (0ms)  (pid 10298)
Compiled twitter/bootstrap.js  (55ms)  (pid 10298)
Compiled bootstrap.js  (166ms)  (pid 10298)
Compiled events.js  (0ms)  (pid 10298)
Compiled home.js  (0ms)  (pid 10298)
Compiled moods.js  (0ms)  (pid 10298)
Compiled reasons.js  (0ms)  (pid 10298)
Compiled sub_moods.js  (0ms)  (pid 10298)
Compiled application.js  (299ms)  (pid 10298)
  Rendered layouts/_navigation.html.erb (3.8ms)
  Rendered layouts/_messages.html.erb (0.6ms)
Completed 200 OK in 4368ms (Views: 4234.5ms | ActiveRecord: 1.4ms)


Started GET "/assets/application-27ac2053b89b4c26b322cad9b84a0550.css" for 127.0.0.1 at 2012-11-01 21:22:25 +0530
Served asset /application-27ac2053b89b4c26b322cad9b84a0550.css - 200 OK (0ms)


Started GET "/assets/application-29f7b135740e7bf54b8a7c1c565857ce.js" for 127.0.0.1 at 2012-11-01 21:22:25 +0530
Served asset /application-29f7b135740e7bf54b8a7c1c565857ce.js - 200 OK (0ms)


Started GET "/users/sign_in" for 127.0.0.1 at 2012-11-01 21:23:07 +0530
Processing by Devise::SessionsController#new as HTML
  Rendered devise/shared/_links.html.erb (0.6ms)
  Rendered devise/sessions/new.html.erb within layouts/application (6.1ms)
  Rendered layouts/_navigation.html.erb (1.2ms)
  Rendered layouts/_messages.html.erb (0.1ms)
Completed 200 OK in 10ms (Views: 9.2ms | ActiveRecord: 0.0ms)


Started POST "/users/sign_in" for 127.0.0.1 at 2012-11-01 21:23:08 +0530
Processing by Devise::SessionsController#create as HTML
  Parameters: {"utf8"=>"✓", "authenticity_token"=>"y6g0Z1pQKDGWWKKDglvk8MNByQB0AE6oaPfzAoZ+WDE=", "user"=>{"email"=>"", "password"=>"[FILTERED]", "remember_me"=>"0"}, "commit"=>"Sign in"}
Completed 401 Unauthorized in 1ms
Processing by Devise::SessionsController#new as HTML
  Parameters: {"utf8"=>"✓", "authenticity_token"=>"y6g0Z1pQKDGWWKKDglvk8MNByQB0AE6oaPfzAoZ+WDE=", "user"=>{"email"=>"", "password"=>"[FILTERED]", "remember_me"=>"0"}, "commit"=>"Sign in"}
  Rendered devise/shared/_links.html.erb (0.7ms)
  Rendered devise/sessions/new.html.erb within layouts/application (7.5ms)
  Rendered layouts/_navigation.html.erb (1.0ms)
  Rendered layouts/_messages.html.erb (0.1ms)
Completed 200 OK in 12ms (Views: 10.8ms | ActiveRecord: 0.0ms)


Started POST "/users/sign_in" for 127.0.0.1 at 2012-11-01 21:23:08 +0530
Processing by Devise::SessionsController#create as HTML
  Parameters: {"utf8"=>"✓", "authenticity_token"=>"y6g0Z1pQKDGWWKKDglvk8MNByQB0AE6oaPfzAoZ+WDE=", "user"=>{"email"=>"", "password"=>"[FILTERED]", "remember_me"=>"0"}, "commit"=>"Sign in"}
Completed 401 Unauthorized in 0ms
Processing by Devise::SessionsController#new as HTML
  Parameters: {"utf8"=>"✓", "authenticity_token"=>"y6g0Z1pQKDGWWKKDglvk8MNByQB0AE6oaPfzAoZ+WDE=", "user"=>{"email"=>"", "password"=>"[FILTERED]", "remember_me"=>"0"}, "commit"=>"Sign in"}
  Rendered devise/shared/_links.html.erb (0.6ms)
  Rendered devise/sessions/new.html.erb within layouts/application (6.9ms)
  Rendered layouts/_navigation.html.erb (1.8ms)
  Rendered layouts/_messages.html.erb (0.1ms)
Completed 200 OK in 12ms (Views: 11.1ms | ActiveRecord: 0.0ms)


Started GET "/users/sign_in" for 127.0.0.1 at 2012-11-01 21:23:11 +0530
Processing by Devise::SessionsController#new as HTML
  Rendered devise/shared/_links.html.erb (0.6ms)
  Rendered devise/sessions/new.html.erb within layouts/application (5.3ms)
  Rendered layouts/_navigation.html.erb (1.0ms)
  Rendered layouts/_messages.html.erb (0.0ms)
Completed 200 OK in 8ms (Views: 8.0ms | ActiveRecord: 0.0ms)


Started GET "/auth/facebook/callback" for 127.0.0.1 at 2012-11-01 21:23:33 +0530
Processing by Users::OmniauthCallbacksController#facebook as HTML
Redirected to http://localhost:3000/
Completed 302 Found in 521ms (ActiveRecord: 76.8ms)


Started GET "/" for 127.0.0.1 at 2012-11-01 21:23:53 +0530
Processing by HomeController#index as HTML
  Rendered home/index.html.erb within layouts/application (101.3ms)
  Rendered layouts/_navigation.html.erb (2.5ms)
  Rendered layouts/_messages.html.erb (0.1ms)
Completed 200 OK in 109ms (Views: 104.3ms | ActiveRecord: 2.9ms)


Started DELETE "/users/sign_out" for 127.0.0.1 at 2012-11-01 21:24:48 +0530
Processing by Devise::SessionsController#destroy as HTML
  Parameters: {"authenticity_token"=>"y6g0Z1pQKDGWWKKDglvk8MNByQB0AE6oaPfzAoZ+WDE="}
Redirected to http://localhost:3000/
Completed 302 Found in 6ms (ActiveRecord: 0.2ms)


Started GET "/" for 127.0.0.1 at 2012-11-01 21:24:48 +0530
Processing by HomeController#index as HTML
Completed 401 Unauthorized in 0ms


Started GET "/users/sign_in" for 127.0.0.1 at 2012-11-01 21:24:48 +0530
Processing by Devise::SessionsController#new as HTML
  Rendered devise/shared/_links.html.erb (0.6ms)
  Rendered devise/sessions/new.html.erb within layouts/application (6.1ms)
  Rendered layouts/_navigation.html.erb (36.2ms)
  Rendered layouts/_messages.html.erb (0.1ms)
Completed 200 OK in 45ms (Views: 44.5ms | ActiveRecord: 0.0ms)


Started GET "/auth/facebook/callback" for 127.0.0.1 at 2012-11-01 21:25:06 +0530
Processing by Users::OmniauthCallbacksController#facebook as HTML
Redirected to http://localhost:3000/
Completed 302 Found in 39ms (ActiveRecord: 35.6ms)


Started GET "/" for 127.0.0.1 at 2012-11-01 21:25:10 +0530
Processing by HomeController#index as HTML
  Rendered home/index.html.erb within layouts/application (4.6ms)
  Rendered layouts/_navigation.html.erb (3.1ms)
  Rendered layouts/_messages.html.erb (0.1ms)
Completed 200 OK in 10ms (Views: 9.8ms | ActiveRecord: 0.3ms)


Started DELETE "/users/sign_out" for 127.0.0.1 at 2012-11-01 21:25:12 +0530
Processing by Devise::SessionsController#destroy as HTML
  Parameters: {"authenticity_token"=>"9IFJwuuymkgoYI/1CGuOqsVTwVLULZVv3aVXr3eCLIs="}
Redirected to http://localhost:3000/
Completed 302 Found in 3ms (ActiveRecord: 0.2ms)


Started GET "/" for 127.0.0.1 at 2012-11-01 21:25:12 +0530
Processing by HomeController#index as HTML
Completed 401 Unauthorized in 0ms


Started GET "/users/sign_in" for 127.0.0.1 at 2012-11-01 21:25:12 +0530
Processing by Devise::SessionsController#new as HTML
  Rendered devise/shared/_links.html.erb (0.6ms)
  Rendered devise/sessions/new.html.erb within layouts/application (5.9ms)
  Rendered layouts/_navigation.html.erb (1.0ms)
  Rendered layouts/_messages.html.erb (0.1ms)
Completed 200 OK in 9ms (Views: 8.8ms | ActiveRecord: 0.0ms)


Started GET "/auth/facebook/callback" for 127.0.0.1 at 2012-11-01 21:25:27 +0530
Processing by Users::OmniauthCallbacksController#facebook as HTML
Redirected to http://localhost:3000/
Completed 302 Found in 372ms (ActiveRecord: 62.9ms)


Started GET "/" for 127.0.0.1 at 2012-11-01 21:25:38 +0530
Processing by HomeController#index as HTML
  Rendered home/index.html.erb within layouts/application (6.6ms)
  Rendered layouts/_navigation.html.erb (2.3ms)
  Rendered layouts/_messages.html.erb (0.1ms)
Completed 200 OK in 11ms (Views: 10.4ms | ActiveRecord: 0.8ms)


Started DELETE "/users/sign_out" for 127.0.0.1 at 2012-11-01 21:25:43 +0530
Processing by Devise::SessionsController#destroy as HTML
  Parameters: {"authenticity_token"=>"nngeSvX1CBxjwWhzmTX/j10Vx1krwPCDZyDMt7I995g="}
Redirected to http://localhost:3000/
Completed 302 Found in 3ms (ActiveRecord: 0.3ms)


Started GET "/" for 127.0.0.1 at 2012-11-01 21:25:43 +0530
Processing by HomeController#index as HTML
Completed 401 Unauthorized in 0ms


Started GET "/users/sign_in" for 127.0.0.1 at 2012-11-01 21:25:43 +0530
Processing by Devise::SessionsController#new as HTML
  Rendered devise/shared/_links.html.erb (0.6ms)
  Rendered devise/sessions/new.html.erb within layouts/application (5.7ms)
  Rendered layouts/_navigation.html.erb (1.0ms)
  Rendered layouts/_messages.html.erb (0.1ms)
Completed 200 OK in 9ms (Views: 8.6ms | ActiveRecord: 0.0ms)
Connecting to database specified by database.yml


Started GET "/users/sign_in" for 127.0.0.1 at 2012-11-01 21:38:18 +0530
Processing by Devise::SessionsController#new as HTML
  Rendered devise/shared/_links.html.erb (2.4ms)
  Rendered devise/sessions/new.html.erb within layouts/application (327.2ms)
  Rendered layouts/_navigation.html.erb (2.3ms)
  Rendered layouts/_messages.html.erb (0.6ms)
Completed 200 OK in 556ms (Views: 406.5ms | ActiveRecord: 1.3ms)


Started GET "/auth/facebook/callback" for 127.0.0.1 at 2012-11-01 21:39:59 +0530
Processing by Users::OmniauthCallbacksController#facebook as HTML
Redirected to http://localhost:3000/
Completed 302 Found in 226ms (ActiveRecord: 177.8ms)


Started GET "/" for 127.0.0.1 at 2012-11-01 21:40:14 +0530
Processing by HomeController#index as HTML
  Rendered home/index.html.erb within layouts/application (115.6ms)
  Rendered layouts/_navigation.html.erb (2.4ms)
  Rendered layouts/_messages.html.erb (0.1ms)
Completed 200 OK in 124ms (Views: 119.5ms | ActiveRecord: 2.0ms)


Started DELETE "/users/sign_out" for 127.0.0.1 at 2012-11-01 21:40:17 +0530
Processing by Devise::SessionsController#destroy as HTML
  Parameters: {"authenticity_token"=>"zxgj7ZKtE7nTc4oC7uhoSOYXPa/u8VDL/BeMlFCv6uc="}
Redirected to http://localhost:3000/
Completed 302 Found in 5ms (ActiveRecord: 0.2ms)


Started GET "/" for 127.0.0.1 at 2012-11-01 21:40:17 +0530
Processing by HomeController#index as HTML
Completed 401 Unauthorized in 0ms


Started GET "/users/sign_in" for 127.0.0.1 at 2012-11-01 21:40:17 +0530
Processing by Devise::SessionsController#new as HTML
  Rendered devise/shared/_links.html.erb (0.6ms)
  Rendered devise/sessions/new.html.erb within layouts/application (5.9ms)
  Rendered layouts/_navigation.html.erb (1.0ms)
  Rendered layouts/_messages.html.erb (0.1ms)
Completed 200 OK in 9ms (Views: 8.8ms | ActiveRecord: 0.0ms)


Started GET "/auth/facebook/callback" for 127.0.0.1 at 2012-11-01 21:41:42 +0530
Processing by Users::OmniauthCallbacksController#facebook as HTML
Redirected to http://localhost:3000/
Completed 302 Found in 94ms (ActiveRecord: 90.7ms)


Started GET "/" for 127.0.0.1 at 2012-11-01 21:41:52 +0530
Processing by HomeController#index as HTML
  Rendered home/index.html.erb within layouts/application (5.0ms)
  Rendered layouts/_navigation.html.erb (2.3ms)
  Rendered layouts/_messages.html.erb (0.1ms)
Completed 200 OK in 10ms (Views: 9.2ms | ActiveRecord: 0.2ms)


Started DELETE "/users/sign_out" for 127.0.0.1 at 2012-11-01 21:41:59 +0530
Processing by Devise::SessionsController#destroy as HTML
  Parameters: {"authenticity_token"=>"P3J9GjeS+6ofzKAch7IBVG/gQEMMfalZe67hBU6dqAA="}
Redirected to http://localhost:3000/
Completed 302 Found in 3ms (ActiveRecord: 0.2ms)


Started GET "/" for 127.0.0.1 at 2012-11-01 21:41:59 +0530
Processing by HomeController#index as HTML
Completed 401 Unauthorized in 0ms


Started GET "/users/sign_in" for 127.0.0.1 at 2012-11-01 21:41:59 +0530
Processing by Devise::SessionsController#new as HTML
  Rendered devise/shared/_links.html.erb (0.6ms)
  Rendered devise/sessions/new.html.erb within layouts/application (5.9ms)
  Rendered layouts/_navigation.html.erb (1.0ms)
  Rendered layouts/_messages.html.erb (0.1ms)
Completed 200 OK in 9ms (Views: 8.7ms | ActiveRecord: 0.0ms)
